<?xml version="1.0" encoding="UTF-8"?>
<!-- Generated by org.testng.reporters.JUnitReportReporter -->
<testsuite hostname="LAP-136" failures="0" tests="7" name="tests.LoginTests" time="7.731" errors="0" timestamp="2024-12-30T21:42:52 IST" skipped="0">
  <testcase classname="tests.LoginTests" name="validateSessionUsernameAfterLogin" time="0.801"/>
  <testcase classname="tests.LoginTests" name="loginTest" time="0.853"/>
  <testcase classname="tests.LoginTests" name="loginTest" time="0.645"/>
  <testcase classname="tests.LoginTests" name="loginTest" time="0.839"/>
  <testcase classname="tests.LoginTests" name="loginTest" time="2.800"/>
  <testcase classname="tests.LoginTests" name="positiveLoginTestWithLocalStorageCheck" time="0.971"/>
  <testcase classname="tests.LoginTests" name="loginTest" time="0.822"/>
</testsuite> <!-- tests.LoginTests -->
