<?xml version="1.0" encoding="UTF-8"?>
<!-- Generated by org.testng.reporters.JUnitReportReporter -->
<testsuite hostname="LAP-136" failures="0" tests="3" name="tests.HomePageTests" time="3.621" errors="0" timestamp="2025-01-02T15:30:21 IST" skipped="0">
  <testcase classname="tests.HomePageTests" name="removeItemFromCart" time="1.611"/>
  <testcase classname="tests.HomePageTests" name="verifyHamburgerMenuItems" time="1.409"/>
  <testcase classname="tests.HomePageTests" name="addItemToCart" time="0.601"/>
</testsuite> <!-- tests.HomePageTests -->
