<?xml version="1.0" encoding="UTF-8"?>
<!-- Generated by org.testng.reporters.JUnitReportReporter -->
<testsuite hostname="LAP-136" failures="0" tests="3" name="tests.HomePageTests" time="5.612" errors="0" timestamp="2024-12-30T21:42:52 IST" skipped="0">
  <testcase classname="tests.HomePageTests" name="addItemToCart" time="1.219"/>
  <testcase classname="tests.HomePageTests" name="verifyHamburgerMenuItems" time="2.167"/>
  <testcase classname="tests.HomePageTests" name="removeItemFromCart" time="2.226"/>
</testsuite> <!-- tests.HomePageTests -->
