<?xml version="1.0" encoding="UTF-8"?>
<!-- Generated by org.testng.reporters.JUnitReportReporter -->
<testsuite hostname="LAP-136" failures="0" tests="7" name="tests.LoginTests" time="4.580" errors="0" timestamp="2025-01-02T15:30:21 IST" skipped="0">
  <testcase classname="tests.LoginTests" name="loginTest" time="0.278"/>
  <testcase classname="tests.LoginTests" name="loginTest" time="0.258"/>
  <testcase classname="tests.LoginTests" name="loginTest" time="0.251"/>
  <testcase classname="tests.LoginTests" name="loginTest" time="0.370"/>
  <testcase classname="tests.LoginTests" name="loginTest" time="0.310"/>
  <testcase classname="tests.LoginTests" name="positiveLoginTestWithLocalStorageCheck" time="0.359"/>
  <testcase classname="tests.LoginTests" name="validateSessionUsernameAfterLogin" time="2.754"/>
</testsuite> <!-- tests.LoginTests -->
