<?xml version="1.0" encoding="UTF-8"?>
<!-- Generated by org.testng.reporters.JUnitReportReporter -->
<testsuite hostname="LAP-136" failures="0" tests="7" name="tests.LoginTests" time="7.212" errors="0" timestamp="2024-12-30T21:45:30 IST" skipped="0">
  <testcase classname="tests.LoginTests" name="positiveLoginTestWithLocalStorageCheck" time="0.962"/>
  <system-out/>
  <testcase classname="tests.LoginTests" name="loginTest" time="0.677"/>
  <system-out/>
  <testcase classname="tests.LoginTests" name="validateSessionUsernameAfterLogin" time="0.642"/>
  <system-out/>
  <testcase classname="tests.LoginTests" name="loginTest" time="2.725"/>
  <system-out/>
  <testcase classname="tests.LoginTests" name="loginTest" time="0.802"/>
  <system-out/>
  <testcase classname="tests.LoginTests" name="loginTest" time="0.717"/>
  <system-out/>
  <testcase classname="tests.LoginTests" name="loginTest" time="0.687"/>
  <system-out/>
</testsuite> <!-- tests.LoginTests -->
