<?xml version="1.0" encoding="UTF-8"?>
<!-- Generated by org.testng.reporters.JUnitReportReporter -->
<testsuite hostname="LAP-136" failures="0" tests="3" name="tests.HomePageTests" time="3.198" errors="0" timestamp="2025-01-02T16:22:29 IST" skipped="0">
  <testcase classname="tests.HomePageTests" name="verifyHamburgerMenuItems" time="1.397"/>
  <system-out/>
  <testcase classname="tests.HomePageTests" name="removeItemFromCart" time="1.434"/>
  <system-out/>
  <testcase classname="tests.HomePageTests" name="addItemToCart" time="0.367"/>
  <system-out/>
</testsuite> <!-- tests.HomePageTests -->
