<?xml version="1.0" encoding="UTF-8"?>
<!-- Generated by org.testng.reporters.JUnitReportReporter -->
<testsuite hostname="LAP-136" failures="0" tests="3" name="tests.HomePageTests" time="5.479" errors="0" timestamp="2024-12-30T21:45:30 IST" skipped="0">
  <testcase classname="tests.HomePageTests" name="addItemToCart" time="1.025"/>
  <system-out/>
  <testcase classname="tests.HomePageTests" name="removeItemFromCart" time="2.218"/>
  <system-out/>
  <testcase classname="tests.HomePageTests" name="verifyHamburgerMenuItems" time="2.236"/>
  <system-out/>
</testsuite> <!-- tests.HomePageTests -->
