<?xml version="1.0" encoding="UTF-8"?>
<!-- Generated by org.testng.reporters.JUnitReportReporter -->
<testsuite hostname="LAP-136" failures="0" tests="7" name="tests.LoginTests" time="3.117" errors="0" timestamp="2025-01-02T16:22:29 IST" skipped="0">
  <testcase classname="tests.LoginTests" name="validateSessionUsernameAfterLogin" time="0.219"/>
  <system-out/>
  <testcase classname="tests.LoginTests" name="positiveLoginTestWithLocalStorageCheck" time="0.273"/>
  <system-out/>
  <testcase classname="tests.LoginTests" name="loginTest" time="0.254"/>
  <system-out/>
  <testcase classname="tests.LoginTests" name="loginTest" time="1.511"/>
  <system-out/>
  <testcase classname="tests.LoginTests" name="loginTest" time="0.317"/>
  <system-out/>
  <testcase classname="tests.LoginTests" name="loginTest" time="0.242"/>
  <system-out/>
  <testcase classname="tests.LoginTests" name="loginTest" time="0.301"/>
  <system-out/>
</testsuite> <!-- tests.LoginTests -->
